  SimpleClass.cpp
C:\Users\victo\Documents\Repos\EnginesAssignment1\C++\Game engine tutorial\SimpleClass.h(31,17): warning C4251:  'SimpleClass::X': class 'std::vector<float,std::allocator<_Ty>>' needs to have dll-interface to be used by clients of class 'SimpleClass'
C:\Users\victo\Documents\Repos\EnginesAssignment1\C++\Game engine tutorial\SimpleClass.h(31,17): warning C4251:         with
C:\Users\victo\Documents\Repos\EnginesAssignment1\C++\Game engine tutorial\SimpleClass.h(31,17): warning C4251:         [
C:\Users\victo\Documents\Repos\EnginesAssignment1\C++\Game engine tutorial\SimpleClass.h(31,17): warning C4251:             _Ty=float
C:\Users\victo\Documents\Repos\EnginesAssignment1\C++\Game engine tutorial\SimpleClass.h(31,17): warning C4251:         ]
C:\Users\victo\Documents\Repos\EnginesAssignment1\C++\Game engine tutorial\SimpleClass.h(31): message :  see declaration of 'std::vector<float,std::allocator<_Ty>>'
C:\Users\victo\Documents\Repos\EnginesAssignment1\C++\Game engine tutorial\SimpleClass.h(31): message :         with
C:\Users\victo\Documents\Repos\EnginesAssignment1\C++\Game engine tutorial\SimpleClass.h(31): message :         [
C:\Users\victo\Documents\Repos\EnginesAssignment1\C++\Game engine tutorial\SimpleClass.h(31): message :             _Ty=float
C:\Users\victo\Documents\Repos\EnginesAssignment1\C++\Game engine tutorial\SimpleClass.h(31): message :         ]
C:\Users\victo\Documents\Repos\EnginesAssignment1\C++\Game engine tutorial\SimpleClass.h(32,17): warning C4251:  'SimpleClass::Y': class 'std::vector<float,std::allocator<_Ty>>' needs to have dll-interface to be used by clients of class 'SimpleClass'
C:\Users\victo\Documents\Repos\EnginesAssignment1\C++\Game engine tutorial\SimpleClass.h(32,17): warning C4251:         with
C:\Users\victo\Documents\Repos\EnginesAssignment1\C++\Game engine tutorial\SimpleClass.h(32,17): warning C4251:         [
C:\Users\victo\Documents\Repos\EnginesAssignment1\C++\Game engine tutorial\SimpleClass.h(32,17): warning C4251:             _Ty=float
C:\Users\victo\Documents\Repos\EnginesAssignment1\C++\Game engine tutorial\SimpleClass.h(32,17): warning C4251:         ]
C:\Users\victo\Documents\Repos\EnginesAssignment1\C++\Game engine tutorial\SimpleClass.h(31): message :  see declaration of 'std::vector<float,std::allocator<_Ty>>'
C:\Users\victo\Documents\Repos\EnginesAssignment1\C++\Game engine tutorial\SimpleClass.h(31): message :         with
C:\Users\victo\Documents\Repos\EnginesAssignment1\C++\Game engine tutorial\SimpleClass.h(31): message :         [
C:\Users\victo\Documents\Repos\EnginesAssignment1\C++\Game engine tutorial\SimpleClass.h(31): message :             _Ty=float
C:\Users\victo\Documents\Repos\EnginesAssignment1\C++\Game engine tutorial\SimpleClass.h(31): message :         ]
C:\Users\victo\Documents\Repos\EnginesAssignment1\C++\Game engine tutorial\SimpleClass.h(33,17): warning C4251:  'SimpleClass::Z': class 'std::vector<float,std::allocator<_Ty>>' needs to have dll-interface to be used by clients of class 'SimpleClass'
C:\Users\victo\Documents\Repos\EnginesAssignment1\C++\Game engine tutorial\SimpleClass.h(33,17): warning C4251:         with
C:\Users\victo\Documents\Repos\EnginesAssignment1\C++\Game engine tutorial\SimpleClass.h(33,17): warning C4251:         [
C:\Users\victo\Documents\Repos\EnginesAssignment1\C++\Game engine tutorial\SimpleClass.h(33,17): warning C4251:             _Ty=float
C:\Users\victo\Documents\Repos\EnginesAssignment1\C++\Game engine tutorial\SimpleClass.h(33,17): warning C4251:         ]
C:\Users\victo\Documents\Repos\EnginesAssignment1\C++\Game engine tutorial\SimpleClass.h(31): message :  see declaration of 'std::vector<float,std::allocator<_Ty>>'
C:\Users\victo\Documents\Repos\EnginesAssignment1\C++\Game engine tutorial\SimpleClass.h(31): message :         with
C:\Users\victo\Documents\Repos\EnginesAssignment1\C++\Game engine tutorial\SimpleClass.h(31): message :         [
C:\Users\victo\Documents\Repos\EnginesAssignment1\C++\Game engine tutorial\SimpleClass.h(31): message :             _Ty=float
C:\Users\victo\Documents\Repos\EnginesAssignment1\C++\Game engine tutorial\SimpleClass.h(31): message :         ]
C:\Users\victo\Documents\Repos\EnginesAssignment1\C++\Game engine tutorial\SimpleClass.h(34,21): warning C4251:  'SimpleClass::QuatX': class 'std::vector<float,std::allocator<_Ty>>' needs to have dll-interface to be used by clients of class 'SimpleClass'
C:\Users\victo\Documents\Repos\EnginesAssignment1\C++\Game engine tutorial\SimpleClass.h(34,21): warning C4251:         with
C:\Users\victo\Documents\Repos\EnginesAssignment1\C++\Game engine tutorial\SimpleClass.h(34,21): warning C4251:         [
C:\Users\victo\Documents\Repos\EnginesAssignment1\C++\Game engine tutorial\SimpleClass.h(34,21): warning C4251:             _Ty=float
C:\Users\victo\Documents\Repos\EnginesAssignment1\C++\Game engine tutorial\SimpleClass.h(34,21): warning C4251:         ]
C:\Users\victo\Documents\Repos\EnginesAssignment1\C++\Game engine tutorial\SimpleClass.h(31): message :  see declaration of 'std::vector<float,std::allocator<_Ty>>'
C:\Users\victo\Documents\Repos\EnginesAssignment1\C++\Game engine tutorial\SimpleClass.h(31): message :         with
C:\Users\victo\Documents\Repos\EnginesAssignment1\C++\Game engine tutorial\SimpleClass.h(31): message :         [
C:\Users\victo\Documents\Repos\EnginesAssignment1\C++\Game engine tutorial\SimpleClass.h(31): message :             _Ty=float
C:\Users\victo\Documents\Repos\EnginesAssignment1\C++\Game engine tutorial\SimpleClass.h(31): message :         ]
C:\Users\victo\Documents\Repos\EnginesAssignment1\C++\Game engine tutorial\SimpleClass.h(35,21): warning C4251:  'SimpleClass::QuatY': class 'std::vector<float,std::allocator<_Ty>>' needs to have dll-interface to be used by clients of class 'SimpleClass'
C:\Users\victo\Documents\Repos\EnginesAssignment1\C++\Game engine tutorial\SimpleClass.h(35,21): warning C4251:         with
C:\Users\victo\Documents\Repos\EnginesAssignment1\C++\Game engine tutorial\SimpleClass.h(35,21): warning C4251:         [
C:\Users\victo\Documents\Repos\EnginesAssignment1\C++\Game engine tutorial\SimpleClass.h(35,21): warning C4251:             _Ty=float
C:\Users\victo\Documents\Repos\EnginesAssignment1\C++\Game engine tutorial\SimpleClass.h(35,21): warning C4251:         ]
C:\Users\victo\Documents\Repos\EnginesAssignment1\C++\Game engine tutorial\SimpleClass.h(31): message :  see declaration of 'std::vector<float,std::allocator<_Ty>>'
C:\Users\victo\Documents\Repos\EnginesAssignment1\C++\Game engine tutorial\SimpleClass.h(31): message :         with
C:\Users\victo\Documents\Repos\EnginesAssignment1\C++\Game engine tutorial\SimpleClass.h(31): message :         [
C:\Users\victo\Documents\Repos\EnginesAssignment1\C++\Game engine tutorial\SimpleClass.h(31): message :             _Ty=float
C:\Users\victo\Documents\Repos\EnginesAssignment1\C++\Game engine tutorial\SimpleClass.h(31): message :         ]
C:\Users\victo\Documents\Repos\EnginesAssignment1\C++\Game engine tutorial\SimpleClass.h(36,21): warning C4251:  'SimpleClass::QuatZ': class 'std::vector<float,std::allocator<_Ty>>' needs to have dll-interface to be used by clients of class 'SimpleClass'
C:\Users\victo\Documents\Repos\EnginesAssignment1\C++\Game engine tutorial\SimpleClass.h(36,21): warning C4251:         with
C:\Users\victo\Documents\Repos\EnginesAssignment1\C++\Game engine tutorial\SimpleClass.h(36,21): warning C4251:         [
C:\Users\victo\Documents\Repos\EnginesAssignment1\C++\Game engine tutorial\SimpleClass.h(36,21): warning C4251:             _Ty=float
C:\Users\victo\Documents\Repos\EnginesAssignment1\C++\Game engine tutorial\SimpleClass.h(36,21): warning C4251:         ]
C:\Users\victo\Documents\Repos\EnginesAssignment1\C++\Game engine tutorial\SimpleClass.h(31): message :  see declaration of 'std::vector<float,std::allocator<_Ty>>'
C:\Users\victo\Documents\Repos\EnginesAssignment1\C++\Game engine tutorial\SimpleClass.h(31): message :         with
C:\Users\victo\Documents\Repos\EnginesAssignment1\C++\Game engine tutorial\SimpleClass.h(31): message :         [
C:\Users\victo\Documents\Repos\EnginesAssignment1\C++\Game engine tutorial\SimpleClass.h(31): message :             _Ty=float
C:\Users\victo\Documents\Repos\EnginesAssignment1\C++\Game engine tutorial\SimpleClass.h(31): message :         ]
C:\Users\victo\Documents\Repos\EnginesAssignment1\C++\Game engine tutorial\SimpleClass.h(37,21): warning C4251:  'SimpleClass::QuatW': class 'std::vector<float,std::allocator<_Ty>>' needs to have dll-interface to be used by clients of class 'SimpleClass'
C:\Users\victo\Documents\Repos\EnginesAssignment1\C++\Game engine tutorial\SimpleClass.h(37,21): warning C4251:         with
C:\Users\victo\Documents\Repos\EnginesAssignment1\C++\Game engine tutorial\SimpleClass.h(37,21): warning C4251:         [
C:\Users\victo\Documents\Repos\EnginesAssignment1\C++\Game engine tutorial\SimpleClass.h(37,21): warning C4251:             _Ty=float
C:\Users\victo\Documents\Repos\EnginesAssignment1\C++\Game engine tutorial\SimpleClass.h(37,21): warning C4251:         ]
C:\Users\victo\Documents\Repos\EnginesAssignment1\C++\Game engine tutorial\SimpleClass.h(31): message :  see declaration of 'std::vector<float,std::allocator<_Ty>>'
C:\Users\victo\Documents\Repos\EnginesAssignment1\C++\Game engine tutorial\SimpleClass.h(31): message :         with
C:\Users\victo\Documents\Repos\EnginesAssignment1\C++\Game engine tutorial\SimpleClass.h(31): message :         [
C:\Users\victo\Documents\Repos\EnginesAssignment1\C++\Game engine tutorial\SimpleClass.h(31): message :             _Ty=float
C:\Users\victo\Documents\Repos\EnginesAssignment1\C++\Game engine tutorial\SimpleClass.h(31): message :         ]
C:\Users\victo\Documents\Repos\EnginesAssignment1\C++\Game engine tutorial\SimpleClass.cpp(183,17): warning C4267:  'return': conversion from 'size_t' to 'int', possible loss of data
  Game engine tutorial.vcxproj -> C:\Users\victo\Documents\Repos\EnginesAssignment1\C++\x64\Debug\Game engine tutorial.dll
